Performing C SOURCE FILE Test CMAKE_HAVE_LIBC_PTHREAD failed with the following output:
Change Dir: /home/nigel/kinova_ws/build/CMakeFiles/CMakeTmp

Run Build Command(s):/usr/bin/make cmTC_9065c/fast && /usr/bin/make -f CMakeFiles/cmTC_9065c.dir/build.make CMakeFiles/cmTC_9065c.dir/build
make[1]: Entering directory '/home/nigel/kinova_ws/build/CMakeFiles/CMakeTmp'
Building C object CMakeFiles/cmTC_9065c.dir/src.c.o
/usr/bin/cc   -DCMAKE_HAVE_LIBC_PTHREAD   -o CMakeFiles/cmTC_9065c.dir/src.c.o   -c /home/nigel/kinova_ws/build/CMakeFiles/CMakeTmp/src.c
Linking C executable cmTC_9065c
/usr/bin/cmake -E cmake_link_script CMakeFiles/cmTC_9065c.dir/link.txt --verbose=1
/usr/bin/cc  -DCMAKE_HAVE_LIBC_PTHREAD    -rdynamic CMakeFiles/cmTC_9065c.dir/src.c.o  -o cmTC_9065c 
/usr/bin/ld: CMakeFiles/cmTC_9065c.dir/src.c.o: in function `main':
src.c:(.text+0x46): undefined reference to `pthread_create'
/usr/bin/ld: src.c:(.text+0x52): undefined reference to `pthread_detach'
/usr/bin/ld: src.c:(.text+0x63): undefined reference to `pthread_join'
collect2: error: ld returned 1 exit status
make[1]: *** [CMakeFiles/cmTC_9065c.dir/build.make:87: cmTC_9065c] Error 1
make[1]: Leaving directory '/home/nigel/kinova_ws/build/CMakeFiles/CMakeTmp'
make: *** [Makefile:121: cmTC_9065c/fast] Error 2


Source file was:
#include <pthread.h>

void* test_func(void* data)
{
  return data;
}

int main(void)
{
  pthread_t thread;
  pthread_create(&thread, NULL, test_func, NULL);
  pthread_detach(thread);
  pthread_join(thread, NULL);
  pthread_atfork(NULL, NULL, NULL);
  pthread_exit(NULL);

  return 0;
}

Determining if the function pthread_create exists in the pthreads failed with the following output:
Change Dir: /home/nigel/kinova_ws/build/CMakeFiles/CMakeTmp

Run Build Command(s):/usr/bin/make cmTC_18469/fast && /usr/bin/make -f CMakeFiles/cmTC_18469.dir/build.make CMakeFiles/cmTC_18469.dir/build
make[1]: Entering directory '/home/nigel/kinova_ws/build/CMakeFiles/CMakeTmp'
Building C object CMakeFiles/cmTC_18469.dir/CheckFunctionExists.c.o
/usr/bin/cc   -DCHECK_FUNCTION_EXISTS=pthread_create   -o CMakeFiles/cmTC_18469.dir/CheckFunctionExists.c.o   -c /usr/share/cmake-3.16/Modules/CheckFunctionExists.c
Linking C executable cmTC_18469
/usr/bin/cmake -E cmake_link_script CMakeFiles/cmTC_18469.dir/link.txt --verbose=1
/usr/bin/cc  -DCHECK_FUNCTION_EXISTS=pthread_create    -rdynamic CMakeFiles/cmTC_18469.dir/CheckFunctionExists.c.o  -o cmTC_18469  -lpthreads 
/usr/bin/ld: cannot find -lpthreads
collect2: error: ld returned 1 exit status
make[1]: *** [CMakeFiles/cmTC_18469.dir/build.make:87: cmTC_18469] Error 1
make[1]: Leaving directory '/home/nigel/kinova_ws/build/CMakeFiles/CMakeTmp'
make: *** [Makefile:121: cmTC_18469/fast] Error 2



Determining if the function sgemm_ exists failed with the following output:
Change Dir: /home/nigel/kinova_ws/build/CMakeFiles/CMakeTmp

Run Build Command(s):/usr/bin/make cmTC_820b6/fast && make[1]: Entering directory '/home/nigel/kinova_ws/build/CMakeFiles/CMakeTmp'
/usr/bin/make -f CMakeFiles/cmTC_820b6.dir/build.make CMakeFiles/cmTC_820b6.dir/build
make[2]: Entering directory '/home/nigel/kinova_ws/build/CMakeFiles/CMakeTmp'
Building C object CMakeFiles/cmTC_820b6.dir/CheckFunctionExists.c.o
/usr/bin/cc   -DCHECK_FUNCTION_EXISTS=sgemm_   -o CMakeFiles/cmTC_820b6.dir/CheckFunctionExists.c.o   -c /usr/share/cmake-3.16/Modules/CheckFunctionExists.c
Linking C executable cmTC_820b6
/usr/bin/cmake -E cmake_link_script CMakeFiles/cmTC_820b6.dir/link.txt --verbose=1
/usr/bin/cc  -DCHECK_FUNCTION_EXISTS=sgemm_    -rdynamic CMakeFiles/cmTC_820b6.dir/CheckFunctionExists.c.o  -o cmTC_820b6 
/usr/bin/ld: CMakeFiles/cmTC_820b6.dir/CheckFunctionExists.c.o: in function `main':
CheckFunctionExists.c:(.text+0x14): undefined reference to `sgemm_'
collect2: error: ld returned 1 exit status
make[2]: *** [CMakeFiles/cmTC_820b6.dir/build.make:87: cmTC_820b6] Error 1
make[2]: Leaving directory '/home/nigel/kinova_ws/build/CMakeFiles/CMakeTmp'
make[1]: *** [Makefile:121: cmTC_820b6/fast] Error 2
make[1]: Leaving directory '/home/nigel/kinova_ws/build/CMakeFiles/CMakeTmp'



Determining if the function cheev_ exists failed with the following output:
Change Dir: /home/nigel/kinova_ws/build/CMakeFiles/CMakeTmp

Run Build Command(s):/usr/bin/make cmTC_c80f1/fast && make[1]: Entering directory '/home/nigel/kinova_ws/build/CMakeFiles/CMakeTmp'
/usr/bin/make -f CMakeFiles/cmTC_c80f1.dir/build.make CMakeFiles/cmTC_c80f1.dir/build
make[2]: Entering directory '/home/nigel/kinova_ws/build/CMakeFiles/CMakeTmp'
Building C object CMakeFiles/cmTC_c80f1.dir/CheckFunctionExists.c.o
/usr/bin/cc   -DCHECK_FUNCTION_EXISTS=cheev_   -o CMakeFiles/cmTC_c80f1.dir/CheckFunctionExists.c.o   -c /usr/share/cmake-3.16/Modules/CheckFunctionExists.c
Linking C executable cmTC_c80f1
/usr/bin/cmake -E cmake_link_script CMakeFiles/cmTC_c80f1.dir/link.txt --verbose=1
/usr/bin/cc  -DCHECK_FUNCTION_EXISTS=cheev_    -rdynamic CMakeFiles/cmTC_c80f1.dir/CheckFunctionExists.c.o  -o cmTC_c80f1  /usr/lib/x86_64-linux-gnu/libf77blas.so /usr/lib/x86_64-linux-gnu/libatlas.so 
/usr/bin/ld: CMakeFiles/cmTC_c80f1.dir/CheckFunctionExists.c.o: in function `main':
CheckFunctionExists.c:(.text+0x14): undefined reference to `cheev_'
collect2: error: ld returned 1 exit status
make[2]: *** [CMakeFiles/cmTC_c80f1.dir/build.make:89: cmTC_c80f1] Error 1
make[2]: Leaving directory '/home/nigel/kinova_ws/build/CMakeFiles/CMakeTmp'
make[1]: *** [Makefile:121: cmTC_c80f1/fast] Error 2
make[1]: Leaving directory '/home/nigel/kinova_ws/build/CMakeFiles/CMakeTmp'



